[00:56:18] [Server thread/INFO]: anexturd1920 has made the advancement [Ice Bucket Challenge]
[00:56:24] [Server thread/INFO]: anexturd1920 has made the advancement [Into Fire]
[01:04:19] [Server thread/INFO]: anexturd1920 issued server command: /Seed
[01:10:57] [Server thread/INFO]: anexturd1920 has made the advancement [Is It a Balloon?]
[01:12:34] [Server thread/INFO]: anexturd1920 has completed the challenge [Hot Tourist Destinations]
[01:15:24] [Server thread/INFO]: anexturd1920 has made the advancement [A Terrible Fortress]
[01:20:13] [Server thread/INFO]: anexturd1920 has made the advancement [Spooky Scary Skeleton]
[01:25:02] [Server thread/INFO]: anexturd1920 lost connection: Timed out
[01:25:02] [Server thread/INFO]: anexturd1920 left the game
[01:25:23] [User Authenticator #11/INFO]: UUID of player anexturd1920 is 2d95e079-6924-3799-b864-d21a9a8f7f22
[01:25:25] [Server thread/INFO]: anexturd1920 joined the game
[01:25:25] [Server thread/INFO]: anexturd1920[/127.184.99.130:34339] logged in with entity id 91960 at ([world_nether]1301.699999988079, 57.0, -393.93655841511884)
[01:28:18] [Server thread/INFO]: anexturd1920 has made the advancement [Those Were the Days]
[01:29:39] [Server thread/INFO]: anexturd1920 lost connection: Disconnected
[01:29:39] [Server thread/INFO]: anexturd1920 left the game
[01:30:48] [Server thread/INFO]: Kokuuuuuun issued server command: /tp anexturd1920 Kokuuuuuun
[01:31:10] [User Authenticator #12/INFO]: UUID of player anexturd1920 is 2d95e079-6924-3799-b864-d21a9a8f7f22
[01:31:11] [Server thread/INFO]: anexturd1920 joined the game
[01:31:11] [Server thread/INFO]: anexturd1920[/127.184.99.130:43713] logged in with entity id 93189 at ([world_nether]1611.300000011921, 33.0, -521.3049497593893)
[01:31:12] [Server thread/INFO]: Kokuuuuuun issued server command: /gamemode creative anexturd1920
[01:31:12] [Server thread/INFO]: [Kokuuuuuun: Set anexturd1920's game mode to Creative Mode]
[01:32:32] [Async Chat Thread - #33/INFO]: [Not Secure] <Kokuuuuuun> ya
[01:32:35] [Async Chat Thread - #33/INFO]: [Not Secure] <anexturd1920> NO
[01:32:38] [Async Chat Thread - #33/INFO]: [Not Secure] <Kokuuuuuun> ok
[01:32:41] [Async Chat Thread - #33/INFO]: [Not Secure] <anexturd1920> osea no se me ha quitao
[01:32:44] [Async Chat Thread - #33/INFO]: [Not Secure] <anexturd1920> quitalo xd
[01:33:13] [Async Chat Thread - #33/INFO]: [Not Secure] <anexturd1920> WEY
[01:33:17] [Async Chat Thread - #33/INFO]: [Not Secure] <anexturd1920> t fuite?
[01:34:40] [Server thread/INFO]: Kokuuuuuun issued server command: /gamemode survival anexturd1920
[01:34:40] [Server thread/INFO]: [Kokuuuuuun: Set anexturd1920's game mode to Survival Mode]
[01:34:52] [Server thread/INFO]: anexturd1920 has made the advancement [War Pigs]
[01:45:57] [Server thread/INFO]: Kokuuuuuun issued server command: /tp anexturd1920 Kokuuuuuun
[01:45:57] [Server thread/INFO]: [Kokuuuuuun: Teleported anexturd1920 to Kokuuuuuun]
[01:46:29] [Server thread/INFO]: anexturd1920 lost connection: Timed out
[01:46:29] [Server thread/INFO]: anexturd1920 left the game
[01:46:37] [User Authenticator #13/INFO]: UUID of player anexturd1920 is 2d95e079-6924-3799-b864-d21a9a8f7f22
[01:46:38] [Server thread/INFO]: anexturd1920 joined the game
[01:46:38] [Server thread/INFO]: anexturd1920[/127.184.99.130:58343] logged in with entity id 95742 at ([world]-378.61189326774246, 73.0, 739.3167218859212)
[01:50:22] [Server thread/INFO]: Kokuuuuuun lost connection: Disconnected
[01:50:22] [Server thread/INFO]: Kokuuuuuun left the game
[01:50:25] [User Authenticator #14/INFO]: UUID of player Kokuuuuuun is 63e56658-f2fe-323b-a286-4d88d1de7dcd
[01:50:26] [Server thread/INFO]: Kokuuuuuun joined the game
[01:50:26] [Server thread/INFO]: Kokuuuuuun[/127.178.249.246:52817] logged in with entity id 96194 at ([world]-392.9432590050084, 69.9375, 719.5896258158128)
[01:51:30] [Server thread/INFO]: Kokuuuuuun was slain by Vindicator
[01:51:38] [Server thread/INFO]: Kokuuuuuun was slain by Vindicator
[01:51:49] [Server thread/INFO]: Kokuuuuuun was slain by Vindicator
[01:52:56] [Server thread/INFO]: Kokuuuuuun has made the advancement [Voluntary Exile]
[01:55:57] [Server thread/INFO]: anexturd1920 has made the advancement [Voluntary Exile]
[02:07:52] [Server thread/INFO]: Kokuuuuuun issued server command: /gamemode spectator anexturd1920
[02:07:52] [Server thread/INFO]: [Kokuuuuuun: Set anexturd1920's game mode to Spectator Mode]
[02:08:01] [Server thread/INFO]: Kokuuuuuun issued server command: /gamemode creative
[02:08:01] [Server thread/INFO]: [Kokuuuuuun: Set own game mode to Creative Mode]
[02:08:03] [Server thread/INFO]: Kokuuuuuun issued server command: /gamemode survival
[02:08:03] [Server thread/INFO]: [Kokuuuuuun: Set own game mode to Survival Mode]
[02:08:10] [Server thread/INFO]: Kokuuuuuun issued server command: /gamemode survival anexturd1920
[02:08:10] [Server thread/INFO]: [Kokuuuuuun: Set anexturd1920's game mode to Survival Mode]
[02:08:16] [Server thread/INFO]: Kokuuuuuun issued server command: /tp Kokuuuuuun anexturd1920
[02:08:16] [Server thread/INFO]: [Kokuuuuuun: Teleported Kokuuuuuun to anexturd1920]
[02:08:44] [Server thread/INFO]: Kokuuuuuun issued server command: /gamemode adventure
[02:08:44] [Server thread/INFO]: [Kokuuuuuun: Set own game mode to Adventure Mode]
[02:08:46] [Server thread/INFO]: Kokuuuuuun issued server command: /gamemode spectator
[02:08:46] [Server thread/INFO]: [Kokuuuuuun: Set own game mode to Spectator Mode]
[02:08:59] [Server thread/INFO]: Kokuuuuuun issued server command: /gamemode survival
[02:08:59] [Server thread/INFO]: [Kokuuuuuun: Set own game mode to Survival Mode]
[02:09:04] [Server thread/INFO]: Kokuuuuuun issued server command: /tp anexturd1920 Kokuuuuuun
[02:09:04] [Server thread/INFO]: [Kokuuuuuun: Teleported anexturd1920 to Kokuuuuuun]
[02:10:09] [Server thread/INFO]: anexturd1920 was shot by Pillager
[02:10:21] [Server thread/INFO]: anexturd1920 was slain by Vex
[02:10:33] [Server thread/INFO]: anexturd1920 was slain by Vex
[02:10:51] [Server thread/INFO]: anexturd1920 was slain by Vex
[02:14:58] [Server thread/INFO]: Kokuuuuuun issued server command: /tp anexturd1920 Kokuuuuuun
[02:14:58] [Server thread/INFO]: [Kokuuuuuun: Teleported anexturd1920 to Kokuuuuuun]
[02:15:17] [Server thread/INFO]: Kokuuuuuun issued server command: /gamemode spectator
[02:15:17] [Server thread/INFO]: [Kokuuuuuun: Set own game mode to Spectator Mode]
[02:15:52] [Server thread/INFO]: Kokuuuuuun issued server command: /gamemode survival
[02:15:52] [Server thread/INFO]: [Kokuuuuuun: Set own game mode to Survival Mode]
[02:15:53] [Server thread/INFO]: Kokuuuuuun issued server command: /gamemode spectator
[02:15:53] [Server thread/INFO]: [Kokuuuuuun: Set own game mode to Spectator Mode]
[02:15:55] [Server thread/INFO]: Kokuuuuuun issued server command: /gamemode survival
[02:15:55] [Server thread/INFO]: [Kokuuuuuun: Set own game mode to Survival Mode]
[02:16:51] [Server thread/INFO]: anexturd1920 was slain by Vindicator
[02:18:26] [Server thread/INFO]: anexturd1920 was slain by Vex
[02:18:36] [Server thread/INFO]: anexturd1920 was slain by Vex
[02:18:49] [Server thread/INFO]: anexturd1920 was slain by Vex
[02:18:52] [Server thread/INFO]: Villager Villager['Fletcher'/59427, uuid='d059fc91-ccaa-453f-80be-fa5748973c96', l='ServerLevel[world]', x=-393.60, y=61.00, z=728.68, cpos=[-25, 45], tl=324319, v=true] died, message: 'Fletcher was slain by Vex'
[02:19:03] [Server thread/INFO]: anexturd1920 was slain by Vex
[02:19:08] [Server thread/INFO]: Villager Villager['Farmer'/59436, uuid='6bc3bf0d-2b8b-4dd3-a337-b15e17839b66', l='ServerLevel[world]', x=-384.30, y=59.54, z=730.80, cpos=[-25, 45], tl=313166, v=true] died, message: 'Farmer was killed by Evoker using magic'
[02:19:08] [Server thread/INFO]: anexturd1920 lost connection: Disconnected
[02:19:08] [Server thread/INFO]: anexturd1920 left the game
[02:23:40] [Server thread/INFO]: Kokuuuuuun issued server command: /gamemode spectator
[02:23:40] [Server thread/INFO]: [Kokuuuuuun: Set own game mode to Spectator Mode]
[02:27:37] [Server thread/INFO]: Kokuuuuuun issued server command: /gamemode survival
[02:27:37] [Server thread/INFO]: [Kokuuuuuun: Set own game mode to Survival Mode]
[02:28:06] [Server thread/INFO]: Kokuuuuuun issued server command: /stop
[02:28:06] [Server thread/INFO]: [Kokuuuuuun: Stopping the server]
[02:28:06] [Server thread/INFO]: Stopping server
[02:28:06] [Server thread/INFO]: [SkinsRestorer] Disabling SkinsRestorer v15.5.3
[02:28:06] [Server thread/INFO]: Saving players
[02:28:06] [Server thread/INFO]: Kokuuuuuun lost connection: Server closed
[02:28:06] [Server thread/INFO]: Kokuuuuuun left the game
[02:28:06] [Server thread/INFO]: Saving worlds
[02:28:06] [Server thread/INFO]: Saving chunks for level 'ServerLevel[world]'/minecraft:overworld
[02:28:06] [Server thread/INFO]: [ChunkHolderManager] Waiting 60s for chunk system to halt for world 'world'
[02:28:06] [Server thread/INFO]: [ChunkHolderManager] Halted chunk system for world 'world'
[02:28:06] [Server thread/INFO]: [ChunkHolderManager] Saving all chunkholders for world 'world'
[02:28:07] [Server thread/INFO]: [ChunkHolderManager] Saved 44 block chunks, 325 entity chunks, 0 poi chunks in world 'world' in 0.13s
[02:28:07] [Server thread/INFO]: [ChunkHolderManager] Waiting 60s for chunk I/O to halt for world 'world'
[02:28:07] [Server thread/INFO]: [ChunkHolderManager] Halted I/O scheduler for world 'world'
[02:28:07] [Server thread/INFO]: Saving chunks for level 'ServerLevel[world_nether]'/minecraft:the_nether
[02:28:07] [Server thread/INFO]: [ChunkHolderManager] Waiting 60s for chunk system to halt for world 'world_nether'
[02:28:07] [Server thread/INFO]: [ChunkHolderManager] Halted chunk system for world 'world_nether'
[02:28:07] [Server thread/INFO]: [ChunkHolderManager] Saving all chunkholders for world 'world_nether'
[02:28:07] [Server thread/INFO]: [ChunkHolderManager] Saved 44 block chunks, 58 entity chunks, 0 poi chunks in world 'world_nether' in 0.05s
[02:28:07] [Server thread/INFO]: [ChunkHolderManager] Waiting 60s for chunk I/O to halt for world 'world_nether'
[02:28:07] [Server thread/INFO]: [ChunkHolderManager] Halted I/O scheduler for world 'world_nether'
[02:28:07] [Server thread/INFO]: Saving chunks for level 'ServerLevel[world_the_end]'/minecraft:the_end
[02:28:07] [Server thread/INFO]: [ChunkHolderManager] Waiting 60s for chunk system to halt for world 'world_the_end'
[02:28:07] [Server thread/INFO]: [ChunkHolderManager] Halted chunk system for world 'world_the_end'
[02:28:07] [Server thread/INFO]: [ChunkHolderManager] Saving all chunkholders for world 'world_the_end'
[02:28:07] [Server thread/INFO]: [ChunkHolderManager] Saved 0 block chunks, 10 entity chunks, 0 poi chunks in world 'world_the_end' in 0.00s
[02:28:07] [Server thread/INFO]: [ChunkHolderManager] Waiting 60s for chunk I/O to halt for world 'world_the_end'
[02:28:07] [Server thread/INFO]: [ChunkHolderManager] Halted I/O scheduler for world 'world_the_end'
[02:28:07] [Server thread/INFO]: ThreadedAnvilChunkStorage (world): All chunks are saved
[02:28:07] [Server thread/INFO]: ThreadedAnvilChunkStorage (DIM-1): All chunks are saved
[02:28:07] [Server thread/INFO]: ThreadedAnvilChunkStorage (DIM1): All chunks are saved
[02:28:07] [Server thread/INFO]: ThreadedAnvilChunkStorage: All dimensions are saved
[02:28:07] [Server thread/INFO]: Waiting for I/O tasks to complete...
[02:28:07] [Server thread/INFO]: All I/O tasks to complete
[02:28:07] [Server thread/INFO]: [MoonriseCommon] Awaiting termination of worker pool for up to 60s...
[02:28:07] [Server thread/INFO]: [MoonriseCommon] Awaiting termination of I/O pool for up to 60s...
